<?xml version="1.0" encoding="UTF-8"?>
<gresources>
	<gresource prefix="/org/gnome/Rhythmbox">
		<file preprocess="xml-stripblanks">ui/uri-new.ui</file>
	</gresource>
</gresources>

